<?xml version="1.0" encoding="UTF-8"?>
<testsuites name="Mocha Tests" time="0.0000" tests="3" failures="1" skipped="2">
  <testsuite name="Root Suite" timestamp="2021-05-06T10:41:19" tests="0" file="cypress/integration/cucumber-tests/Transfer.feature" time="0.0000" failures="0">
  </testsuite>
  <testsuite name="Trnasfers" timestamp="2021-05-06T10:41:19" tests="3" time="0.0000" failures="1">
    <testcase name="Trnasfers Transfer to @Ease Account" time="0.0000" classname="Transfer to @Ease Account">
      <failure message="Timed out retrying after 90000ms: Expected to find element: `h5`, but never found it." type="AssertionError"><![CDATA[AssertionError: Timed out retrying after 90000ms: Expected to find element: `h5`, but never found it.
    at Context.eval (https://80.248.0.83:3443/__cypress/tests?p=cypress\integration\cucumber-tests\Transfer.feature:369:16)
    at Context.resolveAndRunStepDefinition (https://80.248.0.83:3443/__cypress/tests?p=cypress\integration\cucumber-tests\Transfer.feature:10935:9)
    at Context.eval (https://80.248.0.83:3443/__cypress/tests?p=cypress\integration\cucumber-tests\Transfer.feature:10274:35)]]></failure>
    </testcase>
  </testsuite>
</testsuites>