<?xml version="1.0" encoding="UTF-8"?>
<testsuites name="Mocha Tests" time="154.6070" tests="3" failures="2">
  <testsuite name="Root Suite" timestamp="2021-05-06T20:46:02" tests="0" file="cypress/integration/cucumber-tests/Transfer.feature" time="0.0000" failures="0">
  </testsuite>
  <testsuite name="Trnasfers" timestamp="2021-05-06T20:46:02" tests="3" time="154.6070" failures="2">
    <testcase name="Trnasfers Transfer to Others" time="0.0000" classname="Transfer to Others">
      <failure message="Timed out retrying after 90000ms: Expected to find element: `.mat-option-text`, but never found it." type="AssertionError"><![CDATA[AssertionError: Timed out retrying after 90000ms: Expected to find element: `.mat-option-text`, but never found it.
    at Function.selectDestBank (https://80.248.0.83:3443/__cypress/tests?p=cypress\integration\cucumber-tests\Transfer.feature:191:10)
    at Context.eval (https://80.248.0.83:3443/__cypress/tests?p=cypress\integration\cucumber-tests\Transfer.feature:389:36)
    at Context.resolveAndRunStepDefinition (https://80.248.0.83:3443/__cypress/tests?p=cypress\integration\cucumber-tests\Transfer.feature:10935:9)
    at Context.eval (https://80.248.0.83:3443/__cypress/tests?p=cypress\integration\cucumber-tests\Transfer.feature:10274:35)]]></failure>
    </testcase>
    <testcase name="Trnasfers Transfer to Self" time="154.6070" classname="Transfer to Self">
    </testcase>
    <testcase name="Trnasfers Transfer to @Ease Account" time="0.0000" classname="Transfer to @Ease Account">
      <failure message="Timed out retrying after 90000ms: Expected to find element: `#txtusername`, but never found it." type="AssertionError"><![CDATA[AssertionError: Timed out retrying after 90000ms: Expected to find element: `#txtusername`, but never found it.
    at Function.fillUserID (https://80.248.0.83:3443/__cypress/tests?p=cypress\integration\cucumber-tests\Transfer.feature:485:10)
    at Context.eval (https://80.248.0.83:3443/__cypress/tests?p=cypress\integration\cucumber-tests\Transfer.feature:363:25)
    at Context.resolveAndRunStepDefinition (https://80.248.0.83:3443/__cypress/tests?p=cypress\integration\cucumber-tests\Transfer.feature:10935:9)
    at Context.eval (https://80.248.0.83:3443/__cypress/tests?p=cypress\integration\cucumber-tests\Transfer.feature:10274:35)]]></failure>
    </testcase>
  </testsuite>
</testsuites>