<?xml version="1.0" encoding="UTF-8"?>
<testsuites name="Mocha Tests" time="0.0000" tests="1" failures="1">
  <testsuite name="Root Suite" timestamp="2021-05-15T15:05:19" tests="0" file="cypress/integration/cucumber-tests/login.feature" time="0.0000" failures="0">
  </testsuite>
  <testsuite name="Login to Internet Banking" timestamp="2021-05-15T15:05:19" tests="1" time="0.0000" failures="1">
    <testcase name="Login to Internet Banking Login to Internet banking with valid credentials" time="0.0000" classname="Login to Internet banking with valid credentials">
      <failure message="Timed out retrying after 90000ms: Expected to find element: `h5`, but never found it." type="AssertionError"><![CDATA[AssertionError: Timed out retrying after 90000ms: Expected to find element: `h5`, but never found it.
    at Context.eval (https://80.248.0.83:3443/__cypress/tests?p=cypress\integration\cucumber-tests\login.feature:122:16)
    at Context.resolveAndRunStepDefinition (https://80.248.0.83:3443/__cypress/tests?p=cypress\integration\cucumber-tests\login.feature:10553:9)
    at Context.eval (https://80.248.0.83:3443/__cypress/tests?p=cypress\integration\cucumber-tests\login.feature:9892:35)]]></failure>
    </testcase>
  </testsuite>
</testsuites>