<?xml version="1.0" encoding="UTF-8"?>
<testsuites name="Mocha Tests" time="0.0000" tests="1" failures="1">
  <testsuite name="Root Suite" timestamp="2021-05-14T21:30:45" tests="0" file="cypress/integration/cucumber-tests/AirtimeTopup.feature" time="0.0000" failures="0">
  </testsuite>
  <testsuite name="Airtime TopUp" timestamp="2021-05-14T21:30:45" tests="1" time="0.0000" failures="1">
    <testcase name="Airtime TopUp Airtime TopUp" time="0.0000" classname="Airtime TopUp">
      <failure message="Timed out retrying after 90000ms: Expected to find element: `h5`, but never found it." type="AssertionError"><![CDATA[AssertionError: Timed out retrying after 90000ms: Expected to find element: `h5`, but never found it.
    at Context.eval (https://80.248.0.83:3443/__cypress/tests?p=cypress\integration\cucumber-tests\AirtimeTopup.feature:57:16)
    at Context.resolveAndRunStepDefinition (https://80.248.0.83:3443/__cypress/tests?p=cypress\integration\cucumber-tests\AirtimeTopup.feature:10668:9)
    at Context.eval (https://80.248.0.83:3443/__cypress/tests?p=cypress\integration\cucumber-tests\AirtimeTopup.feature:10007:35)]]></failure>
    </testcase>
  </testsuite>
</testsuites>